2025-05-21	20:44:29	ddb71c49-b85b-4c9a-be52-600c9b4fde3e	GET	/	undefined
2025-05-21	20:47:14	f0594e57-dbde-4b3d-887f-f316035abe49	POST	/pessoas	undefined
2025-05-21	20:49:52	d0f1b20e-eea4-4a43-a4b5-4794d927565c	POST	/pessoas/cadastrar	undefined
2025-05-21	20:50:59	dbd64fd2-b90d-4c84-9bed-16c3654183fe	POST	/pessoas/cadastrar	undefined
2025-05-21	20:58:23	9af82133-7c4c-48ba-9a8c-308518053b73	POST	/pessoas/cadastrar	undefined
2025-05-21	21:08:53	c1156ccf-8e78-44e7-9d2e-f07bec3ba18b	POST	/pessoas/cadastrar	undefined
2025-05-21	21:14:05	0c29a0fc-8a77-4beb-a8e1-f8a132454070	POST	/pessoas/cadastrar	undefined
2025-05-21	21:18:24	ddfe135b-e5b0-48fb-892d-7461cf246d50	POST	/pessoas/cadastrar	undefined
2025-05-21	21:27:41	2cab0a6b-a262-45bf-8360-bd8123097094	POST	/pessoas/cadastrar	undefined
2025-05-21	21:34:06	6533ba3b-3c57-4371-b863-ea23c2a0a1b7	POST	/pessoas/cadastrar	undefined
2025-05-21	21:37:37	1c11856c-0201-4caf-85ae-13f53935ea8a	POST	/pessoas/cadastrar	undefined
2025-05-21	21:40:40	b82c265b-6af0-4003-8d57-36f9da4da1ad	POST	/pessoas/cadastrar	undefined
2025-05-21	21:42:53	aa07616f-c080-44ff-ba83-c29b21814bba	POST	/pessoas/cadastrar	undefined
2025-05-21	21:46:32	fe9a9338-6981-4109-a1cc-c1baf0fe4a37	POST	/pessoas/cadastrar	undefined
2025-05-21	21:50:04	b75ad1a1-e1fa-4182-9945-b3cfbaab841b	POST	/pessoas/cadastrar	undefined
2025-05-21	21:52:08	a64a07bb-3064-490e-99a0-e1dd9be6c031	POST	/pessoas/cadastrar	undefined
2025-05-21	22:00:27	f14541f0-2a86-4d51-bc7e-39d026d86cd4	POST	/pessoas/cadastrar	undefined
2025-05-21	22:08:16	48f8e902-8d58-4000-918b-1aff517c2c20	POST	/pessoas/cadastrar	undefined
2025-05-21	22:10:03	9cb48d21-3b6c-4c07-9a31-ae4727890b25	GET	/pessoas	undefined
2025-05-21	22:40:39	b63ef97a-c48b-4c08-bde2-fd3120ae7687	POST	/avistamento/cadastrar	undefined
2025-05-21	22:46:12	cd7880c9-384e-4e2e-93fc-a67194f95cc4	POST	/avistamento/cadastrar	undefined
2025-05-21	22:47:26	634f24cd-f2db-4a4e-aa62-acf9f51d88c2	GET	/avistamento/	undefined
2025-05-21	22:47:49	814d48cf-0458-4a48-9d17-75665a9d3cf9	DELETE	/avistamento/deletar/1	undefined
2025-05-21	22:51:13	8d8979f7-88f5-459c-8dce-a59a2c254d93	DELETE	/avistamento/deletar/1	undefined
2025-05-21	22:54:37	87340e28-85eb-4169-bdd1-508cb36b6051	POST	/contato/cadastrar	undefined
2025-05-21	22:56:28	002fc769-663e-471c-baa0-a7944cf3780a	POST	/contato/criarContato	undefined
2025-05-21	22:57:20	6b91b1bc-0613-4f18-8198-8cde28f0747e	POST	/contato/criarContato	undefined
2025-05-21	22:58:49	65affc9e-36b6-4261-89ad-52941b08fc62	GET	/contato/listarContatos	undefined
2025-05-22	00:56:56	5abf5334-2fa4-4474-97d1-60c3f8ed851c	GET	/api-docs	undefined
2025-05-22	00:56:56	0be6648b-aa43-431f-b229-3ef019760289	GET	/api-docs/	undefined
2025-05-22	00:56:56	19eb73c1-3859-4bfd-99d6-eeb383ba91f4	GET	/api-docs/swagger-ui.css	undefined
2025-05-22	00:56:56	141d4eb5-9f72-4db6-9b9f-2de1a638db39	GET	/api-docs/swagger-ui-bundle.js	undefined
2025-05-22	00:56:56	24b454ca-4c0f-489d-8efd-eb3eea728616	GET	/api-docs/swagger-ui-standalone-preset.js	undefined
2025-05-22	00:56:56	aea21477-4646-4b5d-8511-64cb80419dba	GET	/api-docs/swagger-ui-init.js	undefined
2025-05-22	00:56:57	6ff15b60-fa5c-47d9-9a8f-6b8822deffc0	GET	/api-docs/favicon-32x32.png	undefined
2025-05-22	00:57:40	0789df21-0897-484b-b451-259c9abc9d3e	POST	/pessoas/cadastrar	http://localhost:3000
2025-05-22	00:58:42	ae2b115a-1e89-4d9e-8261-519b66fa1037	POST	/pessoas/cadastrar	http://localhost:3000
2025-05-22	01:00:53	eed44484-dd1b-4087-ae20-53975e58b622	POST	/pessoas/cadastrar	http://localhost:3000
2025-05-22	01:04:08	c6d1a7ad-3a4f-4528-8223-9c73760fc5ad	GET	/api-docs/	undefined
2025-05-22	01:04:08	b6e5dbb5-67a8-4328-bfbd-6df491ba629f	GET	/api-docs/swagger-ui.css	undefined
2025-05-22	01:04:08	befac190-7b44-4524-ac37-c5d3c645485f	GET	/api-docs/swagger-ui-bundle.js	undefined
2025-05-22	01:04:08	61be1003-8615-45fd-b08b-13e824d70ebb	GET	/api-docs/swagger-ui-standalone-preset.js	undefined
2025-05-22	01:04:08	40ac33c5-408e-464c-a085-855feb62ca78	GET	/api-docs/swagger-ui-init.js	undefined
2025-05-22	01:04:10	6ed1d5e4-cc5b-47bd-ae92-e8267b8d7bb8	GET	/api-docs/favicon-32x32.png	undefined
2025-05-22	01:04:37	3e23cc72-59ac-4b28-bd55-b536b61dd4fe	GET	/api-docs/	undefined
2025-05-22	01:04:37	866d1b87-5ab5-4ca0-8d40-d53e5e6fe9c5	GET	/api-docs/swagger-ui.css	undefined
2025-05-22	01:04:37	44490ac2-096a-488f-adc4-b47bee966054	GET	/api-docs/swagger-ui-bundle.js	undefined
2025-05-22	01:04:37	975d4ffa-3c69-4a8a-a049-b9682bfd397e	GET	/api-docs/swagger-ui-standalone-preset.js	undefined
2025-05-22	01:04:37	11f1f99e-8434-435d-9ada-4b4beaabc69a	GET	/api-docs/swagger-ui-init.js	undefined
2025-05-22	01:04:37	5762be9e-3a1a-4967-8595-0c620732970c	GET	/api-docs/favicon-32x32.png	undefined
2025-05-22	01:19:33	3f9c40e0-2198-4e4c-ad22-a89dc516e19e	GET	/api-docs/	undefined
2025-05-22	01:19:33	ad6fb538-3162-4afe-b043-ba445650e92b	GET	/api-docs/swagger-ui.css	undefined
2025-05-22	01:19:33	90887759-2100-4122-9ceb-c072de487b7c	GET	/api-docs/swagger-ui-bundle.js	undefined
2025-05-22	01:19:33	68aa3de9-8d2c-4ad6-93a0-be6365fd4cb1	GET	/api-docs/swagger-ui-standalone-preset.js	undefined
2025-05-22	01:19:33	08fd9370-5804-41f6-81be-ca2df30eec45	GET	/api-docs/swagger-ui-init.js	undefined
2025-05-22	01:19:34	0d6bbe70-6ebb-4eeb-93f8-0b2469e3dcfc	GET	/api-docs/favicon-32x32.png	undefined
2025-05-22	01:20:07	f64b90a6-5ce9-474b-a178-a4a279ab5741	POST	/pessoas/cadastrar	http://localhost:3000
2025-05-22	01:20:24	6d90c109-bb75-4ac6-a0f5-bacd1e16ff3a	GET	/pessoas	undefined
2025-05-22	01:21:38	f9ec1cbe-4cc1-4fe1-8516-9a5ac068124e	POST	/avistamento/cadastrar	http://localhost:3000
2025-05-22	01:23:58	a6890f5e-ffc5-4852-ab51-53576c4871dc	POST	/avistamento/cadastrar	http://localhost:3000
2025-05-22	01:24:55	c51e6a46-04dc-4699-925f-5dee43fb597c	GET	/pessoas	undefined
2025-05-22	01:25:09	65262aef-1a4d-4bdc-a6e4-f4f0fae36814	POST	/avistamento/cadastrar	http://localhost:3000
2025-05-22	01:28:02	c95ceda5-286f-46f7-ba69-2fa5d405faf0	GET	/api-docs/	undefined
2025-05-22	01:28:02	a26a789f-5b1c-4db8-a68a-b1976782c39e	GET	/api-docs/swagger-ui.css	undefined
2025-05-22	01:28:02	2edb7d5e-4fd4-4260-a163-107a4bc4b4c1	GET	/api-docs/swagger-ui-bundle.js	undefined
2025-05-22	01:28:02	cabf5700-0ec5-49df-9c65-169ccf494f77	GET	/api-docs/swagger-ui-standalone-preset.js	undefined
2025-05-22	01:28:02	324c2478-549f-4bf8-9ed0-3a507aa3bd25	GET	/api-docs/swagger-ui-init.js	undefined
2025-05-22	01:28:03	a08bd00f-734f-48eb-81f5-832e7e88c561	GET	/api-docs/favicon-32x32.png	undefined
2025-05-22	01:28:20	cbccf358-5c00-4234-acc9-485759005925	GET	/api-docs/	undefined
2025-05-22	01:28:20	15dc4fc5-4511-4c0f-99e3-357bc253bfac	GET	/api-docs/swagger-ui.css	undefined
2025-05-22	01:28:20	fb9fdbf5-eefc-4ed5-8b46-4576601483b0	GET	/api-docs/swagger-ui-bundle.js	undefined
2025-05-22	01:28:20	c9e87789-06e1-4edd-9fd6-e2c547ce69bb	GET	/api-docs/swagger-ui-standalone-preset.js	undefined
2025-05-22	01:28:20	f3aaa9a6-9183-42fd-b712-f1cdd4bec48f	GET	/api-docs/swagger-ui-init.js	undefined
2025-05-22	01:28:21	e9613a2a-a531-41e7-bea1-9a2bbfc8eca0	GET	/api-docs/favicon-32x32.png	undefined
